<?xml version="1.0" encoding="UTF-8"?>
<testng-results ignored="0" total="1" passed="1" failed="0" skipped="0">
  <reporter-output>
  </reporter-output>
  <suite started-at="2022-12-06T20:11:18 EST" name="Default suite" finished-at="2022-12-06T20:11:18 EST" duration-ms="130">
    <groups>
    </groups>
    <test started-at="2022-12-06T20:11:18 EST" name="Default test" finished-at="2022-12-06T20:11:18 EST" duration-ms="130">
      <class name="com.A">
        <test-method signature="m1()[pri:0, instance:com.A@5223e5ee]" started-at="2022-12-06T20:11:18 EST" name="m1" finished-at="2022-12-06T20:11:18 EST" duration-ms="19" status="PASS">
          <reporter-output>
          </reporter-output>
        </test-method> <!-- m1 -->
      </class> <!-- com.A -->
    </test> <!-- Default test -->
  </suite> <!-- Default suite -->
</testng-results>
