<?xml version="1.0" encoding="UTF-8"?>
<!-- Generated by org.testng.reporters.JUnitXMLReporter -->
<testsuite ignored="1" hostname="mds-macbook-air.lan" failures="0" tests="2" name="Test" time="0.115" errors="0" timestamp="2022-10-11T20:30:54 EDT">
  <testcase classname="com.bit.ui.test.SmokeTest" name="test1" time="0.016"/>
  <testcase classname="com.bit.ui.test.RegTest" name="test3" time="0.001"/>
  <testcase classname="com.bit.ui.test.SmokeTest" name="test2" time="0.0">
    <ignored/>
  </testcase> <!-- test2 -->
</testsuite> <!-- Test -->
